<?xml version="1.0" encoding="UTF-8"?>
<testsuite name="com.mathiasfarsinsen.modai.ResourceProductionSystemTest" tests="4" skipped="0" failures="0" errors="0" timestamp="2026-09-05T06:24:04.897Z" hostname="runnervmgx7h7" time="0.002">
  <properties/>
  <testcase name="gatherersProduceResourcesEachInterval()" classname="com.mathiasfarsinsen.modai.ResourceProductionSystemTest" time="0.0"/>
  <testcase name="citizensConsumeFoodEachInterval()" classname="com.mathiasfarsinsen.modai.ResourceProductionSystemTest" time="0.0"/>
  <testcase name="starvationClampsFoodAtZeroAndReducesStability()" classname="com.mathiasfarsinsen.modai.ResourceProductionSystemTest" time="0.0"/>
  <testcase name="productionPenaltyHalvesOutput()" classname="com.mathiasfarsinsen.modai.ResourceProductionSystemTest" time="0.0"/>
  <system-out><![CDATA[]]></system-out>
  <system-err><![CDATA[]]></system-err>
</testsuite>
