<?xml version="1.0" encoding="UTF-8"?>
<testsuite name="com.mathiasfarsinsen.modai.JsonKnowledgeProviderTest" tests="4" skipped="0" failures="0" errors="0" timestamp="2026-09-05T06:24:04.889Z" hostname="runnervmgx7h7" time="0.004">
  <properties/>
  <testcase name="guidesAreExposedAsProvided()" classname="com.mathiasfarsinsen.modai.JsonKnowledgeProviderTest" time="0.001"/>
  <testcase name="recommendsHighestTierAffordableBlueprint()" classname="com.mathiasfarsinsen.modai.JsonKnowledgeProviderTest" time="0.001"/>
  <testcase name="recommendsHigherTierWhenAffordable()" classname="com.mathiasfarsinsen.modai.JsonKnowledgeProviderTest" time="0.0"/>
  <testcase name="unknownResourceKeysAreIgnoredNotFatal()" classname="com.mathiasfarsinsen.modai.JsonKnowledgeProviderTest" time="0.001"/>
  <system-out><![CDATA[]]></system-out>
  <system-err><![CDATA[]]></system-err>
</testsuite>
