<?xml version="1.0" encoding="UTF-8"?>
<testsuite name="com.mathiasfarsinsen.modai.RebellionManagerTest" tests="4" skipped="0" failures="0" errors="0" timestamp="2026-09-05T06:24:04.893Z" hostname="runnervmgx7h7" time="0.003">
  <properties/>
  <testcase name="productionPenaltyOutcomeSetsExpiryTick()" classname="com.mathiasfarsinsen.modai.RebellionManagerTest" time="0.0"/>
  <testcase name="citySplitCreatesSplinterWithSharedCitizens()" classname="com.mathiasfarsinsen.modai.RebellionManagerTest" time="0.001"/>
  <testcase name="lowStabilityCanTriggerRebellion()" classname="com.mathiasfarsinsen.modai.RebellionManagerTest" time="0.001"/>
  <testcase name="noRebellionWhenStabilityIsHigh()" classname="com.mathiasfarsinsen.modai.RebellionManagerTest" time="0.0"/>
  <system-out><![CDATA[]]></system-out>
  <system-err><![CDATA[]]></system-err>
</testsuite>
