<?xml version="1.0" encoding="UTF-8"?>
<testsuite name="com.mathiasfarsinsen.modai.DiplomacyAndWarTest" tests="5" skipped="0" failures="0" errors="0" timestamp="2026-09-05T06:24:04.719Z" hostname="runnervmgx7h7" time="0.016">
  <properties/>
  <testcase name="loserLosesPopulationResourcesAndStability()" classname="com.mathiasfarsinsen.modai.DiplomacyAndWarTest" time="0.002"/>
  <testcase name="strongerCityIsMoreLikelyToWinSkirmish()" classname="com.mathiasfarsinsen.modai.DiplomacyAndWarTest" time="0.01"/>
  <testcase name="makePeaceClearsWarOnBothSides()" classname="com.mathiasfarsinsen.modai.DiplomacyAndWarTest" time="0.001"/>
  <testcase name="cityCannotDeclareWarOnItself()" classname="com.mathiasfarsinsen.modai.DiplomacyAndWarTest" time="0.001"/>
  <testcase name="declareWarSetsRelationOnBothSides()" classname="com.mathiasfarsinsen.modai.DiplomacyAndWarTest" time="0.001"/>
  <system-out><![CDATA[]]></system-out>
  <system-err><![CDATA[]]></system-err>
</testsuite>
